<?xml version="1.0" encoding="UTF-8" ?>
<testsuite failures="0" time="0.001" errors="0" skipped="0" tests="7" name="dto.EqualBitsTest">
  <properties>
[...]
</properties>
  <testcase time="0" classname="dto.EqualBitsTest" name="testEqualBits"/>
  <testcase time="0" classname="dto.EqualBitsTest" name="testSetK"/>
  <testcase time="0" classname="dto.EqualBitsTest" name="testGetK"/>
  <testcase time="0" classname="dto.EqualBitsTest" name="testGetTotal"/>
  <testcase time="0" classname="dto.EqualBitsTest" name="testSetTotal"/>
  <testcase time="0" classname="dto.EqualBitsTest" name="testGetBitsEqual"/>
  <testcase time="0" classname="dto.EqualBitsTest" name="testSetBitsEqual"/>
</testsuite>